This is pdfTeXk, Version 3.141592-1.40.3 (Web2C 7.5.6) (format=latex 2009.10.6)  3 DEC 2009 12:31
entering extended mode
 %&-line parsing enabled.
**FingerprintAttackClasses-module.tex
(./FingerprintAttackClasses-module.tex
LaTeX2e <2005/12/01>
Babel <v3.8h> and hyphenation patterns for english, usenglishmax, dumylang, noh
yphenation, croatian, ukrainian, russian, bulgarian, czech, slovak, danish, dut
ch, finnish, basque, french, german, ngerman, ibycus, greek, monogreek, ancient
greek, hungarian, italian, latin, mongolian, norsk, icelandic, interlingua, tur
kish, coptic, romanian, welsh, serbian, slovenian, estonian, esperanto, upperso
rbian, indonesian, polish, portuguese, spanish, catalan, galician, swedish, loa
ded.
! Undefined control sequence.
l.14 \section
             {Module FingerprintAttackClasses}
? 

! LaTeX Error: Missing \begin{document}.

See the LaTeX manual or LaTeX Companion for explanation.
Type  H <return>  for immediate help.
 ...                                              
                                                  
l.14 \section{M
               odule FingerprintAttackClasses}
? 
Missing character: There is no M in font nullfont!
Missing character: There is no o in font nullfont!
Missing character: There is no d in font nullfont!
Missing character: There is no u in font nullfont!
Missing character: There is no l in font nullfont!
Missing character: There is no e in font nullfont!
Missing character: There is no F in font nullfont!
Missing character: There is no i in font nullfont!
Missing character: There is no n in font nullfont!
Missing character: There is no g in font nullfont!
Missing character: There is no e in font nullfont!
Missing character: There is no r in font nullfont!
Missing character: There is no p in font nullfont!
Missing character: There is no r in font nullfont!
Missing character: There is no i in font nullfont!
Missing character: There is no n in font nullfont!
Missing character: There is no t in font nullfont!
Missing character: There is no A in font nullfont!
Missing character: There is no t in font nullfont!
Missing character: There is no t in font nullfont!
Missing character: There is no a in font nullfont!
Missing character: There is no c in font nullfont!
Missing character: There is no k in font nullfont!
Missing character: There is no C in font nullfont!
Missing character: There is no l in font nullfont!
Missing character: There is no a in font nullfont!
Missing character: There is no s in font nullfont!
Missing character: There is no s in font nullfont!
Missing character: There is no e in font nullfont!
Missing character: There is no s in font nullfont!

Overfull \hbox (20.0pt too wide) in paragraph at lines 14--15
[]
 []

! Undefined control sequence.
l.22   \subsection
                  {Functions}
? 

! LaTeX Error: Missing \begin{document}.

See the LaTeX manual or LaTeX Companion for explanation.
Type  H <return>  for immediate help.
 ...                                              
                                                  
l.22   \subsection{F
                    unctions}
? 
! Interruption.
\GenericError  ...                                
                                                  \endgroup 
l.22   \subsection{F
                    unctions}
? 
Missing character: There is no F in font nullfont!
Missing character: There is no u in font nullfont!
Missing character: There is no n in font nullfont!
Missing character: There is no c in font nullfont!
Missing character: There is no t in font nullfont!
Missing character: There is no i in font nullfont!
Missing character: There is no o in font nullfont!
Missing character: There is no n in font nullfont!
Missing character: There is no s in font nullfont!

Overfull \hbox (20.0pt too wide) in paragraph at lines 22--23
[] 
 []


! LaTeX Error: Missing \begin{document}.

See the LaTeX manual or LaTeX Companion for explanation.
Type  H <return>  for immediate help.
 ...                                              
                                                  
l.29 \hspace{.8\funcindent}
                           \begin{boxedminipage}{\funcwidth}
? 
! Undefined control sequence.
<argument> .8\funcindent 
                         
l.29 \hspace{.8\funcindent}
                           \begin{boxedminipage}{\funcwidth}
? 
! Illegal unit of measure (pt inserted).
<to be read again> 
                   \relax 
l.29 \hspace{.8\funcindent}
                           \begin{boxedminipage}{\funcwidth}
? 

! LaTeX Error: Environment boxedminipage undefined.

See the LaTeX manual or LaTeX Companion for explanation.
Type  H <return>  for immediate help.
 ...                                              
                                                  
l.29 \hspace{.8\funcindent}\begin{boxedminipage}
                                                {\funcwidth}
? 
! Undefined control sequence.
l.29 ...uncindent}\begin{boxedminipage}{\funcwidth
                                                  }
? 

Overfull \hbox (20.0pt too wide) in paragraph at lines 29--30
[]
 []


! LaTeX Error: Missing \begin{document}.

See the LaTeX manual or LaTeX Companion for explanation.
Type  H <return>  for immediate help.
 ...                                              
                                                  
l.31     \raggedright \textbf{test2}
                                    ()
? 
Missing character: There is no ( in font nullfont!
Missing character: There is no ) in font nullfont!

Overfull \hbox (24.50125pt too wide) in paragraph at lines 31--32
[]\OT1/cmr/bx/n/10 test2  
 []


! LaTeX Error: \begin{document} ended by \end{boxedminipage}.

See the LaTeX manual or LaTeX Companion for explanation.
Type  H <return>  for immediate help.
 ...                                              
                                                  
l.35     \end{boxedminipage}
                            
? 

! LaTeX Error: Missing \begin{document}.

See the LaTeX manual or LaTeX Companion for explanation.
Type  H <return>  for immediate help.
 ...                                              
                                                  
l.42 \hspace{.8\funcindent}
                           \begin{boxedminipage}{\funcwidth}
? 
! Undefined control sequence.
<argument> .8\funcindent 
                         
l.42 \hspace{.8\funcindent}
                           \begin{boxedminipage}{\funcwidth}
? 
! Illegal unit of measure (pt inserted).
<to be read again> 
                   \relax 
l.42 \hspace{.8\funcindent}
                           \begin{boxedminipage}{\funcwidth}
? 

! LaTeX Error: Environment boxedminipage undefined.

See the LaTeX manual or LaTeX Companion for explanation.
Type  H <return>  for immediate help.
 ...                                              
                                                  
l.42 \hspace{.8\funcindent}\begin{boxedminipage}
                                                {\funcwidth}
? 
! Undefined control sequence.
l.42 ...uncindent}\begin{boxedminipage}{\funcwidth
                                                  }
? 

Overfull \hbox (20.0pt too wide) in paragraph at lines 42--43
[]
 []


! LaTeX Error: Missing \begin{document}.

See the LaTeX manual or LaTeX Companion for explanation.
Type  H <return>  for immediate help.
 ...                                              
                                                  
l.44     \raggedright \textbf{test1}
                                    ()
? 
Missing character: There is no ( in font nullfont!
Missing character: There is no ) in font nullfont!

Overfull \hbox (24.50125pt too wide) in paragraph at lines 44--45
[]\OT1/cmr/bx/n/10 test1  
 []


! LaTeX Error: \begin{document} ended by \end{boxedminipage}.

See the LaTeX manual or LaTeX Companion for explanation.
Type  H <return>  for immediate help.
 ...                                              
                                                  
l.48     \end{boxedminipage}
                            
? 
! Undefined control sequence.
l.55   \subsection
                  {Variables}
? 

! LaTeX Error: Missing \begin{document}.

See the LaTeX manual or LaTeX Companion for explanation.
Type  H <return>  for immediate help.
 ...                                              
                                                  
l.55   \subsection{V
                    ariables}
? 
Missing character: There is no V in font nullfont!
Missing character: There is no a in font nullfont!
Missing character: There is no r in font nullfont!
Missing character: There is no i in font nullfont!
Missing character: There is no a in font nullfont!
Missing character: There is no b in font nullfont!
Missing character: There is no l in font nullfont!
Missing character: There is no e in font nullfont!
Missing character: There is no s in font nullfont!

Overfull \hbox (20.0pt too wide) in paragraph at lines 55--56
[] 
 []


! LaTeX Error: Missing \begin{document}.

See the LaTeX manual or LaTeX Companion for explanation.
Type  H <return>  for immediate help.
 ...                                              
                                                  
l.58 \hspace{\varindent}
                        \begin{longtable}{|p{\varnamewidth}|p{\vardescrwidth...

? 
! Undefined control sequence.
<argument> \varindent 
                      
l.58 \hspace{\varindent}
                        \begin{longtable}{|p{\varnamewidth}|p{\vardescrwidth...

? 
! Missing number, treated as zero.
<to be read again> 
                   \relax 
l.58 \hspace{\varindent}
                        \begin{longtable}{|p{\varnamewidth}|p{\vardescrwidth...

? 
! Illegal unit of measure (pt inserted).
<to be read again> 
                   \relax 
l.58 \hspace{\varindent}
                        \begin{longtable}{|p{\varnamewidth}|p{\vardescrwidth...

? 

! LaTeX Error: Environment longtable undefined.

See the LaTeX manual or LaTeX Companion for explanation.
Type  H <return>  for immediate help.
 ...                                              
                                                  
l.58 \hspace{\varindent}\begin{longtable}
                                         {|p{\varnamewidth}|p{\vardescrwidth...

? 
Missing character: There is no | in font nullfont!
Missing character: There is no p in font nullfont!
! Undefined control sequence.
l.58 ...rindent}\begin{longtable}{|p{\varnamewidth
                                                  }|p{\vardescrwidth}|l}
? 
Missing character: There is no | in font nullfont!
Missing character: There is no p in font nullfont!
! Undefined control sequence.
l.58 ...gtable}{|p{\varnamewidth}|p{\vardescrwidth
                                                  }|l}
? 
Missing character: There is no | in font nullfont!
Missing character: There is no l in font nullfont!
! Misplaced \omit.
\@cline #1-#2\@nil ->\omit 
                           \@multicnt #1\advance \@multispan \m@ne \ifnum \@...
l.59 \cline{1-2}
                
? 
! Misplaced \span.
\sp@n ->\span 
              \omit \advance \@multicnt \m@ne 
l.59 \cline{1-2}
                
? 
! Misplaced \omit.
\sp@n ->\span \omit 
                    \advance \@multicnt \m@ne 
l.59 \cline{1-2}
                
? 
! Misplaced \cr.
\@cline ...le \@height \arrayrulewidth \hfill \cr 
                                                  \noalign {\vskip -\arrayru...
l.59 \cline{1-2}
                
? 
! Misplaced \noalign.
\@cline ...ht \arrayrulewidth \hfill \cr \noalign 
                                                  {\vskip -\arrayrulewidth }
l.59 \cline{1-2}
                
? 

Overfull \hbox (20.0pt too wide) in paragraph at lines 58--59
[]
 []

! Misplaced \omit.
\@cline #1-#2\@nil ->\omit 
                           \@multicnt #1\advance \@multispan \m@ne \ifnum \@...
l.60 \cline{1-2}
                 \centering \textbf{Name} & \centering \textbf{Description}& \\

? 
! Misplaced \span.
\sp@n ->\span 
              \omit \advance \@multicnt \m@ne 
l.60 \cline{1-2}
                 \centering \textbf{Name} & \centering \textbf{Description}& \\

? 
! Misplaced \omit.
\sp@n ->\span \omit 
                    \advance \@multicnt \m@ne 
l.60 \cline{1-2}
                 \centering \textbf{Name} & \centering \textbf{Description}& \\

? 
! Leaders not followed by proper glue.
<to be read again> 
                   \hfill 
l.60 \cline{1-2}
                 \centering \textbf{Name} & \centering \textbf{Description}& \\

? 

! LaTeX Error: Missing \begin{document}.

See the LaTeX manual or LaTeX Companion for explanation.
Type  H <return>  for immediate help.
 ...                                              
                                                  
l.60 \cline{1-2}
                 \centering \textbf{Name} & \centering \textbf{Description}& \\

? 
! Misplaced \cr.
\@cline ...le \@height \arrayrulewidth \hfill \cr 
                                                  \noalign {\vskip -\arrayru...
l.60 \cline{1-2}
                 \centering \textbf{Name} & \centering \textbf{Description}& \\

? 
! Misplaced \noalign.
\@cline ...ht \arrayrulewidth \hfill \cr \noalign 
                                                  {\vskip -\arrayrulewidth }
l.60 \cline{1-2}
                 \centering \textbf{Name} & \centering \textbf{Description}& \\

? 

Overfull \hbox (20.0pt too wide) in paragraph at lines 60--60
[] 
 []


! LaTeX Error: Missing \begin{document}.

See the LaTeX manual or LaTeX Companion for explanation.
Type  H <return>  for immediate help.
 ...                                              
                                                  
l.60 \cline{1-2} \centering \textbf{Name}
                                          & \centering \textbf{Description}& \\

? 
! Misplaced alignment tab character &.
l.60 \cline{1-2} \centering \textbf{Name} &
                                            \centering \textbf{Description}& \\

? 
! Misplaced alignment tab character &.
<recently read> &
                 
l.60 ...f{Name} & \centering \textbf{Description}&
                                                   \\
? 

Overfull \hbox (29.44427pt too wide) in paragraph at lines 60--60
 []\OT1/cmr/bx/n/10 Name 
 []


Overfull \hbox (17.92352pt too wide) in paragraph at lines 60--60
 \OT1/cmr/bx/n/10 De- 
 []


Overfull \hbox (27.79985pt too wide) in paragraph at lines 60--60
 \OT1/cmr/bx/n/10 scrip- 
 []


Overfull \hbox (19.80545pt too wide) in paragraph at lines 60--60
 \OT1/cmr/bx/n/10 tion 
 []

! Misplaced \omit.
\@cline #1-#2\@nil ->\omit 
                           \@multicnt #1\advance \@multispan \m@ne \ifnum \@...
l.61 \cline{1-2}
                
? 
! Misplaced \span.
\sp@n ->\span 
              \omit \advance \@multicnt \m@ne 
l.61 \cline{1-2}
                
? 
! Misplaced \omit.
\sp@n ->\span \omit 
                    \advance \@multicnt \m@ne 
l.61 \cline{1-2}
                
? 
! Leaders not followed by proper glue.
<to be read again> 
                   \hfill 
l.61 \cline{1-2}
                
? 

! LaTeX Error: Missing \begin{document}.

See the LaTeX manual or LaTeX Companion for explanation.
Type  H <return>  for immediate help.
 ...                                              
                                                  
l.61 \cline{1-2}
                
? 
! Misplaced \cr.
\@cline ...le \@height \arrayrulewidth \hfill \cr 
                                                  \noalign {\vskip -\arrayru...
l.61 \cline{1-2}
                
? 
! Misplaced \noalign.
\@cline ...ht \arrayrulewidth \hfill \cr \noalign 
                                                  {\vskip -\arrayrulewidth }
l.61 \cline{1-2}
                
? 
! Undefined control sequence.
l.62 \endhead
             \cline{1-2}\multicolumn{3}{r}{\small\textit{continued on next p...

? 
! Misplaced \omit.
\@cline #1-#2\@nil ->\omit 
                           \@multicnt #1\advance \@multispan \m@ne \ifnum \@...
l.62 \endhead\cline{1-2}
                        \multicolumn{3}{r}{\small\textit{continued on next p...

? 
! Misplaced \span.
\sp@n ->\span 
              \omit \advance \@multicnt \m@ne 
l.62 \endhead\cline{1-2}
                        \multicolumn{3}{r}{\small\textit{continued on next p...

? 
! Misplaced \omit.
\sp@n ->\span \omit 
                    \advance \@multicnt \m@ne 
l.62 \endhead\cline{1-2}
                        \multicolumn{3}{r}{\small\textit{continued on next p...

? 
! Leaders not followed by proper glue.
<to be read again> 
                   \hfill 
l.62 \endhead\cline{1-2}
                        \multicolumn{3}{r}{\small\textit{continued on next p...

? 

! LaTeX Error: Missing \begin{document}.

See the LaTeX manual or LaTeX Companion for explanation.
Type  H <return>  for immediate help.
 ...                                              
                                                  
l.62 \endhead\cline{1-2}
                        \multicolumn{3}{r}{\small\textit{continued on next p...

? 
! Misplaced \cr.
\@cline ...le \@height \arrayrulewidth \hfill \cr 
                                                  \noalign {\vskip -\arrayru...
l.62 \endhead\cline{1-2}
                        \multicolumn{3}{r}{\small\textit{continued on next p...

? 
! Misplaced \noalign.
\@cline ...ht \arrayrulewidth \hfill \cr \noalign 
                                                  {\vskip -\arrayrulewidth }
l.62 \endhead\cline{1-2}
                        \multicolumn{3}{r}{\small\textit{continued on next p...

? 
! Misplaced \omit.
\multispan ->\omit 
                   \@multispan 
l.62 ...{r}{\small\textit{continued on next page}}
                                                  \\\endfoot\cline{1-2}
? 
! Misplaced \span.
\sp@n ->\span 
              \omit \advance \@multicnt \m@ne 
l.62 ...{r}{\small\textit{continued on next page}}
                                                  \\\endfoot\cline{1-2}
? 
! Misplaced \omit.
\sp@n ->\span \omit 
                    \advance \@multicnt \m@ne 
l.62 ...{r}{\small\textit{continued on next page}}
                                                  \\\endfoot\cline{1-2}
? 
! Misplaced \span.
\sp@n ->\span 
              \omit \advance \@multicnt \m@ne 
l.62 ...{r}{\small\textit{continued on next page}}
                                                  \\\endfoot\cline{1-2}
? 
! Misplaced \omit.
\sp@n ->\span \omit 
                    \advance \@multicnt \m@ne 
l.62 ...{r}{\small\textit{continued on next page}}
                                                  \\\endfoot\cline{1-2}
? 
! Undefined control sequence.
<argument> ...nextchar \ifcase \@chclass \@classz 
                                                  \or \@classi \or \@classii...
l.62 ...{r}{\small\textit{continued on next page}}
                                                  \\\endfoot\cline{1-2}
? 
! Undefined control sequence.
\@mkpream ...hclass }\ifcase \@lastchclass \@acol 
                                                  \or \or \@preamerr \@ne \o...
l.62 ...{r}{\small\textit{continued on next page}}
                                                  \\\endfoot\cline{1-2}
? 

! LaTeX Error: Missing \begin{document}.

See the LaTeX manual or LaTeX Companion for explanation.
Type  H <return>  for immediate help.
 ...                                              
                                                  
l.62 ...{r}{\small\textit{continued on next page}}
                                                  \\\endfoot\cline{1-2}
? 
! Undefined control sequence.
<recently read> \endfoot 
                         
l.62 ...\textit{continued on next page}}\\\endfoot
                                                  \cline{1-2}
? 
! Misplaced \omit.
\@cline #1-#2\@nil ->\omit 
                           \@multicnt #1\advance \@multispan \m@ne \ifnum \@...
l.62 ...tinued on next page}}\\\endfoot\cline{1-2}
                                                  
? 
! Misplaced \span.
\sp@n ->\span 
              \omit \advance \@multicnt \m@ne 
l.62 ...tinued on next page}}\\\endfoot\cline{1-2}
                                                  
? 
! Misplaced \omit.
\sp@n ->\span \omit 
                    \advance \@multicnt \m@ne 
l.62 ...tinued on next page}}\\\endfoot\cline{1-2}
                                                  
? 
! Leaders not followed by proper glue.
<to be read again> 
                   \hfill 
l.62 ...tinued on next page}}\\\endfoot\cline{1-2}
                                                  
? 

! LaTeX Error: Missing \begin{document}.

See the LaTeX manual or LaTeX Companion for explanation.
Type  H <return>  for immediate help.
 ...                                              
                                                  
l.62 ...tinued on next page}}\\\endfoot\cline{1-2}
                                                  
? 
! Misplaced \cr.
\@cline ...le \@height \arrayrulewidth \hfill \cr 
                                                  \noalign {\vskip -\arrayru...
l.62 ...tinued on next page}}\\\endfoot\cline{1-2}
                                                  
? 
! Misplaced \noalign.
\@cline ...ht \arrayrulewidth \hfill \cr \noalign 
                                                  {\vskip -\arrayrulewidth }
l.62 ...tinued on next page}}\\\endfoot\cline{1-2}
                                                  
? 
! Undefined control sequence.
l.63 \endlastfoot
                 \raggedright \_\-\_\-p\-a\-c\-k\-a\-g\-e\-\_\-\_\- & \ragge...

? 

! LaTeX Error: Missing \begin{document}.

See the LaTeX manual or LaTeX Companion for explanation.
Type  H <return>  for immediate help.
 ...                                              
                                                  
l.63 \endlastfoot\raggedright \_
                                \-\_\-p\-a\-c\-k\-a\-g\-e\-\_\-\_\- & \ragge...

? 
Missing character: There is no - in font nullfont!
Missing character: There is no - in font nullfont!
Missing character: There is no p in font nullfont!
Missing character: There is no - in font nullfont!
Missing character: There is no a in font nullfont!
Missing character: There is no - in font nullfont!
Missing character: There is no c in font nullfont!
Missing character: There is no - in font nullfont!
Missing character: There is no k in font nullfont!
Missing character: There is no - in font nullfont!
Missing character: There is no a in font nullfont!
Missing character: There is no - in font nullfont!
Missing character: There is no g in font nullfont!
Missing character: There is no - in font nullfont!
Missing character: There is no e in font nullfont!
Missing character: There is no - in font nullfont!
Missing character: There is no - in font nullfont!
Missing character: There is no - in font nullfont!
! Misplaced alignment tab character &.
l.63 ...ht \_\-\_\-p\-a\-c\-k\-a\-g\-e\-\_\-\_\- &
                                                   \raggedright \textbf{Value:}

? 
! Undefined control sequence.
l.64 {\tt
          None}&\\
? 
Missing character: There is no N in font nullfont!
Missing character: There is no o in font nullfont!
Missing character: There is no n in font nullfont!
Missing character: There is no e in font nullfont!
! Misplaced alignment tab character &.
l.64 {\tt None}&
                \\
? 

Overfull \hbox (31.37482pt too wide) in paragraph at lines 63--64
\OT1/cmr/bx/n/10 Value: 
 []

! Misplaced \omit.
\@cline #1-#2\@nil ->\omit 
                           \@multicnt #1\advance \@multispan \m@ne \ifnum \@...
l.65 \cline{1-2}
                
? 
! Misplaced \span.
\sp@n ->\span 
              \omit \advance \@multicnt \m@ne 
l.65 \cline{1-2}
                
? 
! Misplaced \omit.
\sp@n ->\span \omit 
                    \advance \@multicnt \m@ne 
l.65 \cline{1-2}
                
? 
! Leaders not followed by proper glue.
<to be read again> 
                   \hfill 
l.65 \cline{1-2}
                
? 

! LaTeX Error: Missing \begin{document}.

See the LaTeX manual or LaTeX Companion for explanation.
Type  H <return>  for immediate help.
 ...                                              
                                                  
l.65 \cline{1-2}
                
? 
! Misplaced \cr.
\@cline ...le \@height \arrayrulewidth \hfill \cr 
                                                  \noalign {\vskip -\arrayru...
l.65 \cline{1-2}
                
? 
! Misplaced \noalign.
\@cline ...ht \arrayrulewidth \hfill \cr \noalign 
                                                  {\vskip -\arrayrulewidth }
l.65 \cline{1-2}
                
? 

! LaTeX Error: \begin{document} ended by \end{longtable}.

See the LaTeX manual or LaTeX Companion for explanation.
Type  H <return>  for immediate help.
 ...                                              
                                                  
l.66 \end{longtable}
                    
? 
! Undefined control sequence.
l.74 \subsection
                {Class Packet}
? 

! LaTeX Error: Missing \begin{document}.

See the LaTeX manual or LaTeX Companion for explanation.
Type  H <return>  for immediate help.
 ...                                              
                                                  
l.74 \subsection{C
                  lass Packet}
? 
Missing character: There is no C in font nullfont!
Missing character: There is no l in font nullfont!
Missing character: There is no a in font nullfont!
Missing character: There is no s in font nullfont!
Missing character: There is no s in font nullfont!
Missing character: There is no P in font nullfont!
Missing character: There is no a in font nullfont!
Missing character: There is no c in font nullfont!
Missing character: There is no k in font nullfont!
Missing character: There is no e in font nullfont!
Missing character: There is no t in font nullfont!

Overfull \hbox (20.0pt too wide) in paragraph at lines 74--75
[]
 []


! LaTeX Error: Missing \begin{document}.

See the LaTeX manual or LaTeX Companion for explanation.
Type  H <return>  for immediate help.
 ...                                              
                                                  
l.77 P
      acket: smallest sized data unit
? 
Missing character: There is no P in font nullfont!
Missing character: There is no a in font nullfont!
Missing character: There is no c in font nullfont!
Missing character: There is no k in font nullfont!
Missing character: There is no e in font nullfont!
Missing character: There is no t in font nullfont!
Missing character: There is no : in font nullfont!
Missing character: There is no s in font nullfont!
Missing character: There is no m in font nullfont!
Missing character: There is no a in font nullfont!
Missing character: There is no l in font nullfont!
Missing character: There is no l in font nullfont!
Missing character: There is no e in font nullfont!
Missing character: There is no s in font nullfont!
Missing character: There is no t in font nullfont!
Missing character: There is no s in font nullfont!
Missing character: There is no i in font nullfont!
Missing character: There is no z in font nullfont!
Missing character: There is no e in font nullfont!
Missing character: There is no d in font nullfont!
Missing character: There is no d in font nullfont!
Missing character: There is no a in font nullfont!
Missing character: There is no t in font nullfont!
Missing character: There is no a in font nullfont!
Missing character: There is no u in font nullfont!
Missing character: There is no n in font nullfont!
Missing character: There is no i in font nullfont!
Missing character: There is no t in font nullfont!

Overfull \hbox (20.0pt too wide) in paragraph at lines 77--78
[]
 []

! Undefined control sequence.
l.84   \subsubsection
                     {Methods}
? 

! LaTeX Error: Missing \begin{document}.

See the LaTeX manual or LaTeX Companion for explanation.
Type  H <return>  for immediate help.
 ...                                              
                                                  
l.84   \subsubsection{M
                       ethods}
? 
Missing character: There is no M in font nullfont!
Missing character: There is no e in font nullfont!
Missing character: There is no t in font nullfont!
Missing character: There is no h in font nullfont!
Missing character: There is no o in font nullfont!
Missing character: There is no d in font nullfont!
Missing character: There is no s in font nullfont!

Overfull \hbox (20.0pt too wide) in paragraph at lines 84--85
[] 
 []


! LaTeX Error: Missing \begin{document}.

See the LaTeX manual or LaTeX Companion for explanation.
Type  H <return>  for immediate help.
 ...                                              
                                                  
l.91 \hspace{.8\funcindent}
                           \begin{boxedminipage}{\funcwidth}
? 
! Undefined control sequence.
<argument> .8\funcindent 
                         
l.91 \hspace{.8\funcindent}
                           \begin{boxedminipage}{\funcwidth}
? 
! Illegal unit of measure (pt inserted).
<to be read again> 
                   \relax 
l.91 \hspace{.8\funcindent}
                           \begin{boxedminipage}{\funcwidth}
? 

! LaTeX Error: Environment boxedminipage undefined.

See the LaTeX manual or LaTeX Companion for explanation.
Type  H <return>  for immediate help.
 ...                                              
                                                  
l.91 \hspace{.8\funcindent}\begin{boxedminipage}
                                                {\funcwidth}
? 
! Undefined control sequence.
l.91 ...uncindent}\begin{boxedminipage}{\funcwidth
                                                  }
? 

Overfull \hbox (20.0pt too wide) in paragraph at lines 91--92
[]
 []


! LaTeX Error: Missing \begin{document}.

See the LaTeX manual or LaTeX Companion for explanation.
Type  H <return>  for immediate help.
 ...                                              
                                                  
l.93     \raggedright \textbf{\_\_init\_\_}
                                           (\textit{self}, \textit{number}, ...

? \end
Type <return> to proceed, S to scroll future error messages,
R to run without stopping, Q to run quietly,
I to insert something, E to edit your file,
1 or ... or 9 to ignore the next 1 to 9 tokens of input,
H for help, X to quit.
? 
Missing character: There is no ( in font nullfont!
Missing character: There is no , in font nullfont!
Missing character: There is no , in font nullfont!
Missing character: There is no , in font nullfont!
Missing character: There is no , in font nullfont!
Missing character: There is no , in font nullfont!
Missing character: There is no , in font nullfont!
Missing character: There is no , in font nullfont!
Missing character: There is no ) in font nullfont!

Overfull \hbox (48.1208pt too wide) in paragraph at lines 93--94
[][][]\OT1/cmr/bx/n/10 init[][]\OT1/cmr/m/it/10 self 
 []


Overfull \hbox (22.74431pt too wide) in paragraph at lines 93--94
\OT1/cmr/m/it/10 num- 
 []


Overfull \hbox (12.90543pt too wide) in paragraph at lines 93--94
\OT1/cmr/m/it/10 ber 
 []


Overfull \hbox (19.81653pt too wide) in paragraph at lines 93--94
\OT1/cmr/m/it/10 SRC 
 []


Overfull \hbox (20.32764pt too wide) in paragraph at lines 93--94
\OT1/cmr/m/it/10 DST 
 []


Overfull \hbox (25.81093pt too wide) in paragraph at lines 93--94
\OT1/cmr/m/it/10 length 
 []


Overfull \hbox (28.1109pt too wide) in paragraph at lines 93--94
\OT1/cmr/m/it/10 typeOf 
 []


Overfull \hbox (22.99985pt too wide) in paragraph at lines 93--94
\OT1/cmr/m/it/10 Time 
 []


Overfull \hbox (22.16928pt too wide) in paragraph at lines 93--94
\OT1/cmr/m/it/10 RTT  
 []


! LaTeX Error: \begin{document} ended by \end{boxedminipage}.

See the LaTeX manual or LaTeX Companion for explanation.
Type  H <return>  for immediate help.
 ...                                              
                                                  
l.97     \end{boxedminipage}
                            
? X
 
Here is how much of TeX's memory you used:
 21 strings out of 94102
 549 string characters out of 1165833
 48703 words of memory out of 1500000
 3396 multiletter control sequences out of 10000+50000
 4294 words of font info for 16 fonts, out of 1200000 for 2000
 637 hyphenation exceptions out of 8191
 13i,1n,12p,218b,89s stack positions out of 5000i,500n,6000p,200000b,5000s
No pages of output.
