This is pdfTeXk, Version 3.1415926-1.40.9 (Web2C 7.5.7) (format=pdflatex 2008.8.22)  29 JAN 2010 23:01
entering extended mode
\write18 enabled.
 %&-line parsing enabled.
**TorFASubmission.tex
(./TorFASubmission.tex
LaTeX2e <2005/12/01>
Babel <v3.8l> and hyphenation patterns for english, usenglishmax, dumylang, noh
yphenation, german-x-2008-06-18, ngerman-x-2008-06-18, ancientgreek, ibycus, ar
abic, basque, bulgarian, catalan, pinyin, coptic, croatian, czech, danish, dutc
h, esperanto, estonian, farsi, finnish, french, galician, german, ngerman, mono
greek, greek, hungarian, icelandic, indonesian, interlingua, irish, italian, la
tin, mongolian, mongolian2a, bokmal, nynorsk, polish, portuguese, romanian, rus
sian, sanskrit, serbian, slovak, slovenian, spanish, swedish, turkish, ukenglis
h, ukrainian, uppersorbian, welsh, loaded.
(./usenixsubmit.cls
Document Class: usenixsubmit 
(/usr/local/texlive/2008/texmf-dist/tex/latex/base/article.cls
Document Class: article 2005/09/16 v1.4f Standard LaTeX document class
(/usr/local/texlive/2008/texmf-dist/tex/latex/base/size11.clo
File: size11.clo 2005/09/16 v1.4f Standard LaTeX file (size option)
)
\c@part=\count79
\c@section=\count80
\c@subsection=\count81
\c@subsubsection=\count82
\c@paragraph=\count83
\c@subparagraph=\count84
\c@figure=\count85
\c@table=\count86
\abovecaptionskip=\skip41
\belowcaptionskip=\skip42
\bibindent=\dimen102
)
(/usr/local/texlive/2008/texmf-dist/tex/latex/psnfss/times.sty
Package: times 2005/04/12 PSNFSS-v9.2a (SPQR) 
)
(/usr/local/texlive/2008/texmf-dist/tex/latex/geometry/geometry.sty
Package: geometry 2002/07/08 v3.2 Page Geometry

(/usr/local/texlive/2008/texmf-dist/tex/latex/graphics/keyval.sty
Package: keyval 1999/03/16 v1.13 key=value parser (DPC)
\KV@toks@=\toks14
)
\Gm@cnth=\count87
\Gm@cntv=\count88
\c@Gm@tempcnt=\count89
\Gm@bindingoffset=\dimen103
\Gm@wd@mp=\dimen104
\Gm@odd@mp=\dimen105
\Gm@even@mp=\dimen106
\Gm@dimlist=\toks15

(/usr/local/texlive/2008/texmf-dist/tex/xelatex/xetexconfig/geometry.cfg)))
(/usr/local/texlive/2008/texmf-dist/tex/latex/preprint/fullpage.sty
Package: fullpage 1999/02/23 1.1 (PWD)
\FP@margin=\skip43
)
(/usr/local/texlive/2008/texmf-dist/tex/latex/listings/listings.sty
\lst@mode=\count90
\lst@gtempboxa=\box26
\lst@token=\toks16
\lst@length=\count91
\lst@currlwidth=\dimen107
\lst@column=\count92
\lst@pos=\count93
\lst@lostspace=\dimen108
\lst@width=\dimen109
\lst@newlines=\count94
\lst@lineno=\count95
\lst@maxwidth=\dimen110

(/usr/local/texlive/2008/texmf-dist/tex/latex/listings/lstmisc.sty
File: lstmisc.sty 2007/02/22 1.4 (Carsten Heinz)
\c@lstnumber=\count96
\lst@skipnumbers=\count97
\lst@framebox=\box27
)
(/usr/local/texlive/2008/texmf-dist/tex/latex/listings/listings.cfg
File: listings.cfg 2007/02/22 1.4 listings configuration
))
Package: listings 2007/02/22 1.4 (Carsten Heinz)

(/usr/local/texlive/2008/texmf-dist/tex/latex/graphics/graphicx.sty
Package: graphicx 1999/02/16 v1.0f Enhanced LaTeX Graphics (DPC,SPQR)

(/usr/local/texlive/2008/texmf-dist/tex/latex/graphics/graphics.sty
Package: graphics 2006/02/20 v1.0o Standard LaTeX Graphics (DPC,SPQR)

(/usr/local/texlive/2008/texmf-dist/tex/latex/graphics/trig.sty
Package: trig 1999/03/16 v1.09 sin cos tan (DPC)
)
(/usr/local/texlive/2008/texmf/tex/latex/config/graphics.cfg
File: graphics.cfg 2007/01/18 v1.5 graphics configuration of teTeX/TeXLive
)
Package graphics Info: Driver file: pdftex.def on input line 90.

(/usr/local/texlive/2008/texmf-dist/tex/latex/pdftex-def/pdftex.def
File: pdftex.def 2008/07/16 v0.04k Graphics/color for pdfTeX
\Gread@gobject=\count98
))
\Gin@req@height=\dimen111
\Gin@req@width=\dimen112
)
(/usr/local/texlive/2008/texmf-dist/tex/latex/tools/verbatim.sty
Package: verbatim 2003/08/22 v1.5q LaTeX2e package for verbatim enhancements
\every@verbatim=\toks17
\verbatim@line=\toks18
\verbatim@in@stream=\read1
)
(./TorFASubmission.aux)
\openout1 = `TorFASubmission.aux'.

LaTeX Font Info:    Checking defaults for OML/cmm/m/it on input line 26.
LaTeX Font Info:    ... okay on input line 26.
LaTeX Font Info:    Checking defaults for T1/cmr/m/n on input line 26.
LaTeX Font Info:    ... okay on input line 26.
LaTeX Font Info:    Checking defaults for OT1/cmr/m/n on input line 26.
LaTeX Font Info:    ... okay on input line 26.
LaTeX Font Info:    Checking defaults for OMS/cmsy/m/n on input line 26.
LaTeX Font Info:    ... okay on input line 26.
LaTeX Font Info:    Checking defaults for OMX/cmex/m/n on input line 26.
LaTeX Font Info:    ... okay on input line 26.
LaTeX Font Info:    Checking defaults for U/cmr/m/n on input line 26.
LaTeX Font Info:    ... okay on input line 26.
LaTeX Font Info:    Try loading font information for OT1+ptm on input line 26.

(/usr/local/texlive/2008/texmf-dist/tex/latex/psnfss/ot1ptm.fd
File: ot1ptm.fd 2001/06/04 font definitions for OT1/ptm.
)
-------------------- Geometry parameters
paper: class default
landscape: --
twocolumn: --
twoside: --
asymmetric: --
h-parts: 72.26999pt, 469.75502pt, 72.26999pt
v-parts: 72.26999pt, 650.43001pt, 72.26999pt
hmarginratio: --
vmarginratio: --
lines: --
heightrounded: --
bindingoffset: 0.0pt
truedimen: --
includehead: --
includefoot: --
includemp: --
driver: pdftex
-------------------- Page layout dimensions and switches
\paperwidth  614.295pt
\paperheight 794.96999pt
\textwidth  469.75502pt
\textheight 620.43001pt
\oddsidemargin  0.0pt
\evensidemargin 0.0pt
\topmargin  0.0pt
\headheight 0.0pt
\headsep    0.0pt
\footskip   30.0pt
\marginparwidth 59.0pt
\marginparsep   10.0pt
\columnsep  10.0pt
\skip\footins  10.0pt plus 4.0pt minus 2.0pt
\hoffset 0.0pt
\voffset 0.0pt
\mag 1000

(1in=72.27pt, 1cm=28.45pt)
-----------------------
\c@lstlisting=\count99

(/usr/local/texlive/2008/texmf-dist/tex/context/base/supp-pdf.tex
[Loading MPS to PDF converter (version 2006.09.02).]
\scratchcounter=\count100
\scratchdimen=\dimen113
\scratchbox=\box28
\nofMPsegments=\count101
\nofMParguments=\count102
\everyMPshowfont=\toks19
\MPscratchCnt=\count103
\MPscratchDim=\dimen114
\MPnumerator=\count104
\everyMPtoPDFconversion=\toks20
)
LaTeX Font Info:    External font `cmex10' loaded for size
(Font)              <12> on input line 27.
LaTeX Font Info:    External font `cmex10' loaded for size
(Font)              <8> on input line 27.
LaTeX Font Info:    External font `cmex10' loaded for size
(Font)              <6> on input line 27.
LaTeX Font Info:    Font shape `OT1/ptm/bx/n' in size <10> not available
(Font)              Font shape `OT1/ptm/b/n' tried instead on input line 30.
LaTeX Font Info:    Font shape `OT1/ptm/bx/n' in size <14.4> not available
(Font)              Font shape `OT1/ptm/b/n' tried instead on input line 35.
LaTeX Font Info:    Font shape `OT1/ptm/bx/n' in size <12> not available
(Font)              Font shape `OT1/ptm/b/n' tried instead on input line 71.
 [1

{/usr/local/texlive/2008/texmf-var/fonts/map/pdftex/updmap/pdftex.map}]
LaTeX Font Info:    External font `cmex10' loaded for size
(Font)              <10.95> on input line 87.

<programFlow.png, id=7, 470.50781pt x 271.76532pt>
File: programFlow.png Graphic file (type png)
 <use programFlow.png>
LaTeX Font Info:    Font shape `OT1/ptm/bx/n' in size <10.95> not available
(Font)              Font shape `OT1/ptm/b/n' tried instead on input line 113.

[2 <./programFlow.png>] [3]
<../finalpres/results.png, id=19, 645.41125pt x 331.2375pt>
File: ../finalpres/results.png Graphic file (type png)

<use ../finalpres/results.png>

LaTeX Warning: `h' float specifier changed to `ht'.

[4] <./plots/divergence_constant_plot.png, id=24, 642.4pt x 481.8pt>
File: ./plots/divergence_constant_plot.png Graphic file (type png)

<use ./plots/divergence_constant_plot.png>
<./plots/time_constant_plot.png, id=25, 642.4pt x 481.8pt>
File: ./plots/time_constant_plot.png Graphic file (type png)

<use ./plots/time_constant_plot.png>
<./plots/totalPackets_constant_plot.png, id=26, 642.4pt x 481.8pt>
File: ./plots/totalPackets_constant_plot.png Graphic file (type png)

<use ./plots/totalPackets_constant_plot.png>
<./plots/divergence_perc_constant_plot.png, id=27, 642.4pt x 481.8pt>
File: ./plots/divergence_perc_constant_plot.png Graphic file (type png)

<use ./plots/divergence_perc_constant_plot.png>
<./plots/time_perc_constant_plot.png, id=28, 642.4pt x 481.8pt>
File: ./plots/time_perc_constant_plot.png Graphic file (type png)

<use ./plots/time_perc_constant_plot.png>
<./plots/totalPackets_perc_constant_plot.png, id=29, 642.4pt x 481.8pt>
File: ./plots/totalPackets_perc_constant_plot.png Graphic file (type png)

<use ./plots/totalPackets_perc_constant_plot.png>
<./plots/PercentIncreases_constant.png, id=30, 489.83pt x 388.45125pt>
File: ./plots/PercentIncreases_constant.png Graphic file (type png)

<use ./plots/PercentIncreases_constant.png>
<../../code/plots/perc_increase_div_tpacks_constant.png, id=31, 545.03625pt x 4
33.62pt>
File: ../../code/plots/perc_increase_div_tpacks_constant.png Graphic file (type
 png)
 <use ../../code/plots/perc_increase_div_tpacks_constant.png> [5 <../finalpres/
results.png>] [6 <./plots/divergence_constant_plot.png (PNG copy)> <./plots/tim
e_constant_plot.png (PNG copy)>] [7 <./plots/totalPackets_constant_plot.png (PN
G copy)> <./plots/divergence_perc_constant_plot.png (PNG copy)>]
[8 <./plots/time_perc_constant_plot.png (PNG copy)> <./plots/totalPackets_perc_
constant_plot.png (PNG copy)>] [9 <./plots/PercentIncreases_constant.png (PNG c
opy)> <../../code/plots/perc_increase_div_tpacks_constant.png (PNG copy)>]
LaTeX Font Info:    Try loading font information for OMS+ptm on input line 384.


(/usr/local/texlive/2008/texmf-dist/tex/latex/psnfss/omsptm.fd
File: omsptm.fd 
)
LaTeX Font Info:    Font shape `OMS/ptm/m/n' in size <10.95> not available
(Font)              Font shape `OMS/cmsy/m/n' tried instead on input line 384.
 [10]
(./TorFASubmission.aux) ) 
Here is how much of TeX's memory you used:
 2608 strings out of 493886
 38270 string characters out of 1151099
 93445 words of memory out of 3000000
 5870 multiletter control sequences out of 10000+50000
 22327 words of font info for 45 fonts, out of 3000000 for 5000
 714 hyphenation exceptions out of 8191
 31i,6n,34p,213b,219s stack positions out of 5000i,500n,10000p,200000b,50000s
{/usr/local/texlive/2008/texmf-dist/fonts/enc/dvips/ba
se/8r.enc}</usr/local/texlive/2008/texmf-dist/fonts/type1/bluesky/cm/cmex10.pfb
></usr/local/texlive/2008/texmf-dist/fonts/type1/bluesky/cm/cmmi10.pfb></usr/lo
cal/texlive/2008/texmf-dist/fonts/type1/bluesky/cm/cmmi8.pfb></usr/local/texliv
e/2008/texmf-dist/fonts/type1/bluesky/cm/cmr10.pfb></usr/local/texlive/2008/tex
mf-dist/fonts/type1/bluesky/cm/cmsy10.pfb></usr/local/texlive/2008/texmf-dist/f
onts/type1/urw/times/utmb8a.pfb></usr/local/texlive/2008/texmf-dist/fonts/type1
/urw/times/utmr8a.pfb></usr/local/texlive/2008/texmf-dist/fonts/type1/urw/times
/utmri8a.pfb>
Output written on TorFASubmission.pdf (10 pages, 241280 bytes).
PDF statistics:
 86 PDF objects out of 1000 (max. 8388607)
 0 named destinations out of 1000 (max. 131072)
 51 words of extra memory for PDF output out of 10000 (max. 10000000)

