This is pdfTeXk, Version 3.141592-1.40.3 (Web2C 7.5.6) (format=pdflatex 2009.10.6)  9 DEC 2009 16:47
entering extended mode
 %&-line parsing enabled.
**FinalReport.tex
(./FinalReport.tex
LaTeX2e <2005/12/01>
Babel <v3.8h> and hyphenation patterns for english, usenglishmax, dumylang, noh
yphenation, croatian, ukrainian, russian, bulgarian, czech, slovak, danish, dut
ch, finnish, basque, french, german, ngerman, ibycus, greek, monogreek, ancient
greek, hungarian, italian, latin, mongolian, norsk, icelandic, interlingua, tur
kish, coptic, romanian, welsh, serbian, slovenian, estonian, esperanto, upperso
rbian, indonesian, polish, portuguese, spanish, catalan, galician, swedish, loa
ded.
(/usr/share/texmf-texlive/tex/latex/base/article.cls
Document Class: article 2005/09/16 v1.4f Standard LaTeX document class
(/usr/share/texmf-texlive/tex/latex/base/size10.clo
File: size10.clo 2005/09/16 v1.4f Standard LaTeX file (size option)
)
\c@part=\count79
\c@section=\count80
\c@subsection=\count81
\c@subsubsection=\count82
\c@paragraph=\count83
\c@subparagraph=\count84
\c@figure=\count85
\c@table=\count86
\abovecaptionskip=\skip41
\belowcaptionskip=\skip42
\bibindent=\dimen102
)
(/usr/share/texmf-texlive/tex/latex/preprint/fullpage.sty
Package: fullpage 1999/02/23 1.1 (PWD)
\FP@margin=\skip43
)
(/usr/share/texmf-texlive/tex/latex/listings/listings.sty
(/usr/share/texmf-texlive/tex/latex/graphics/keyval.sty
Package: keyval 1999/03/16 v1.13 key=value parser (DPC)
\KV@toks@=\toks14
)
\lst@mode=\count87
\lst@gtempboxa=\box26
\lst@token=\toks15
\lst@length=\count88
\lst@currlwidth=\dimen103
\lst@column=\count89
\lst@pos=\count90
\lst@lostspace=\dimen104
\lst@width=\dimen105
\lst@newlines=\count91
\lst@lineno=\count92
\c@lstlisting=\count93
\lst@maxwidth=\dimen106

(/usr/share/texmf-texlive/tex/latex/listings/lstpatch.sty
File: lstpatch.sty 2004/10/17 1.3b (Carsten Heinz)
)
(/usr/share/texmf-texlive/tex/latex/listings/lstmisc.sty
File: lstmisc.sty 2004/09/07 1.3 (Carsten Heinz)
\c@lstnumber=\count94
\lst@skipnumbers=\count95
\lst@framebox=\box27
)
(/usr/share/texmf-texlive/tex/latex/listings/listings.cfg
File: listings.cfg 2004/09/05 1.3 listings configuration
))
Package: listings 2004/10/17 1.3b (Carsten Heinz)

(/usr/share/texmf-texlive/tex/latex/graphics/graphicx.sty
Package: graphicx 1999/02/16 v1.0f Enhanced LaTeX Graphics (DPC,SPQR)

(/usr/share/texmf-texlive/tex/latex/graphics/graphics.sty
Package: graphics 2006/02/20 v1.0o Standard LaTeX Graphics (DPC,SPQR)

(/usr/share/texmf-texlive/tex/latex/graphics/trig.sty
Package: trig 1999/03/16 v1.09 sin cos tan (DPC)
)
(/etc/texmf/tex/latex/config/graphics.cfg
File: graphics.cfg 2007/01/18 v1.5 graphics configuration of teTeX/TeXLive
)
Package graphics Info: Driver file: pdftex.def on input line 90.

(/usr/share/texmf-texlive/tex/latex/pdftex-def/pdftex.def
File: pdftex.def 2007/01/08 v0.04d Graphics/color for pdfTeX
\Gread@gobject=\count96
))
\Gin@req@height=\dimen107
\Gin@req@width=\dimen108
)
(/usr/share/texmf-texlive/tex/latex/tools/verbatim.sty
Package: verbatim 2003/08/22 v1.5q LaTeX2e package for verbatim enhancements
\every@verbatim=\toks16
\verbatim@line=\toks17
\verbatim@in@stream=\read1
)
(/usr/share/texmf-texlive/tex/latex/fancyhdr/fancyhdr.sty
\fancy@headwidth=\skip44
\f@ncyO@elh=\skip45
\f@ncyO@erh=\skip46
\f@ncyO@olh=\skip47
\f@ncyO@orh=\skip48
\f@ncyO@elf=\skip49
\f@ncyO@erf=\skip50
\f@ncyO@olf=\skip51
\f@ncyO@orf=\skip52
) (./FinalReport.aux)
\openout1 = `FinalReport.aux'.

LaTeX Font Info:    Checking defaults for OML/cmm/m/it on input line 16.
LaTeX Font Info:    ... okay on input line 16.
LaTeX Font Info:    Checking defaults for T1/cmr/m/n on input line 16.
LaTeX Font Info:    ... okay on input line 16.
LaTeX Font Info:    Checking defaults for OT1/cmr/m/n on input line 16.
LaTeX Font Info:    ... okay on input line 16.
LaTeX Font Info:    Checking defaults for OMS/cmsy/m/n on input line 16.
LaTeX Font Info:    ... okay on input line 16.
LaTeX Font Info:    Checking defaults for OMX/cmex/m/n on input line 16.
LaTeX Font Info:    ... okay on input line 16.
LaTeX Font Info:    Checking defaults for U/cmr/m/n on input line 16.
LaTeX Font Info:    ... okay on input line 16.

(/usr/share/texmf/tex/context/base/supp-pdf.tex
[Loading MPS to PDF converter (version 2006.09.02).]
\scratchcounter=\count97
\scratchdimen=\dimen109
\scratchbox=\box28
\nofMPsegments=\count98
\nofMParguments=\count99
\everyMPshowfont=\toks18
\MPscratchCnt=\count100
\MPscratchDim=\dimen110
\MPnumerator=\count101
\everyMPtoPDFconversion=\toks19
)
LaTeX Font Info:    External font `cmex10' loaded for size
(Font)              <12> on input line 17.
LaTeX Font Info:    External font `cmex10' loaded for size
(Font)              <8> on input line 17.
LaTeX Font Info:    External font `cmex10' loaded for size
(Font)              <6> on input line 17.
 [1

{/var/lib/texmf/fonts/map/pdftex/updmap/pdftex.map}] (./FinalReport.toc
LaTeX Font Info:    External font `cmex10' loaded for size
(Font)              <7> on input line 3.
LaTeX Font Info:    External font `cmex10' loaded for size
(Font)              <5> on input line 3.
)
\tf@toc=\write3
\openout3 = `FinalReport.toc'.


(./FinalReport.lof)
\tf@lof=\write4
\openout4 = `FinalReport.lof'.

 (./FinalReport.lot)
\tf@lot=\write5
\openout5 = `FinalReport.lot'.



Package Fancyhdr Warning: \headheight is too small (15.2pt): 
 Make it at least 34.43335pt.
 We now make it that large for the rest of the document.
 This may cause the page layout to be inconsistent, however.

[1] <programFlow.png, id=13, 470.50781pt x 271.76532pt>
File: programFlow.png Graphic file (type png)
 <use programFlow.png>
[1] [2 <./programFlow.png>]
<../finalpres/results.png, id=24, 645.41125pt x 331.2375pt>
File: ../finalpres/results.png Graphic file (type png)

<use ../finalpres/results.png> [3]
<./plots/divergence_constant_plot.png, id=28, 642.4pt x 481.8pt>
File: ./plots/divergence_constant_plot.png Graphic file (type png)

<use ./plots/divergence_constant_plot.png>
<./plots/time_constant_plot.png, id=29, 642.4pt x 481.8pt>
File: ./plots/time_constant_plot.png Graphic file (type png)

<use ./plots/time_constant_plot.png>
<./plots/totalPackets_constant_plot.png, id=30, 642.4pt x 481.8pt>
File: ./plots/totalPackets_constant_plot.png Graphic file (type png)

<use ./plots/totalPackets_constant_plot.png>
<./plots/divergence_perc_constant_plot.png, id=31, 642.4pt x 481.8pt>
File: ./plots/divergence_perc_constant_plot.png Graphic file (type png)

<use ./plots/divergence_perc_constant_plot.png>
<./plots/time_perc_constant_plot.png, id=32, 642.4pt x 481.8pt>
File: ./plots/time_perc_constant_plot.png Graphic file (type png)

<use ./plots/time_perc_constant_plot.png>
<./plots/totalPackets_perc_constant_plot.png, id=33, 642.4pt x 481.8pt>
File: ./plots/totalPackets_perc_constant_plot.png Graphic file (type png)

<use ./plots/totalPackets_perc_constant_plot.png>
<./plots/PercentIncreases_constant.png, id=34, 489.83pt x 388.45125pt>
File: ./plots/PercentIncreases_constant.png Graphic file (type png)

<use ./plots/PercentIncreases_constant.png>
<../../code/plots/perc_increase_div_tpacks_constant.png, id=35, 545.03625pt x 4
33.62pt>
File: ../../code/plots/perc_increase_div_tpacks_constant.png Graphic file (type
 png)
 <use ../../code/plots/perc_increase_div_tpacks_constant.png> [4 <../finalpres/
results.png>] [5 <./plots/divergence_constant_plot.png (PNG copy)> <./plots/tim
e_constant_plot.png (PNG copy)>] [6 <./plots/totalPackets_constant_plot.png (PN
G copy)> <./plots/divergence_perc_constant_plot.png (PNG copy)>]
[7 <./plots/time_perc_constant_plot.png (PNG copy)> <./plots/totalPackets_perc_
constant_plot.png (PNG copy)>] [8 <./plots/PercentIncreases_constant.png (PNG c
opy)> <../../code/plots/perc_increase_div_tpacks_constant.png (PNG copy)>]
LaTeX Font Info:    Try loading font information for OMS+cmr on input line 381.


(/usr/share/texmf-texlive/tex/latex/base/omscmr.fd
File: omscmr.fd 1999/05/25 v2.5h Standard LaTeX font definitions
)
LaTeX Font Info:    Font shape `OMS/cmr/m/n' in size <10> not available
(Font)              Font shape `OMS/cmsy/m/n' tried instead on input line 381.
 [9] [10] (./FinalReport.aux) ) 
Here is how much of TeX's memory you used:
 2327 strings out of 94101
 32840 string characters out of 1165810
 83653 words of memory out of 1500000
 5603 multiletter control sequences out of 10000+50000
 8241 words of font info for 29 fonts, out of 1200000 for 2000
 637 hyphenation exceptions out of 8191
 26i,10n,43p,209b,292s stack positions out of 5000i,500n,6000p,200000b,5000s
</usr/share/texmf-texlive/fonts/type1/bluesky/cm
/cmbx10.pfb></usr/share/texmf-texlive/fonts/type1/bluesky/cm/cmbx12.pfb></usr/s
hare/texmf-texlive/fonts/type1/bluesky/cm/cmex10.pfb></usr/share/texmf-texlive/
fonts/type1/bluesky/cm/cmmi10.pfb></usr/share/texmf-texlive/fonts/type1/bluesky
/cm/cmmi7.pfb></usr/share/texmf-texlive/fonts/type1/bluesky/cm/cmr10.pfb></usr/
share/texmf-texlive/fonts/type1/bluesky/cm/cmr12.pfb></usr/share/texmf-texlive/
fonts/type1/bluesky/cm/cmr17.pfb></usr/share/texmf-texlive/fonts/type1/bluesky/
cm/cmsy10.pfb></usr/share/texmf-texlive/fonts/type1/bluesky/cm/cmti10.pfb>
Output written on FinalReport.pdf (12 pages, 250640 bytes).
PDF statistics:
 98 PDF objects out of 1000 (max. 8388607)
 0 named destinations out of 1000 (max. 131072)
 51 words of extra memory for PDF output out of 10000 (max. 10000000)

